[Info] [11-11-21 00:12:02 ]:Datos del automata( El abecedario: a b c El estado Inicial: q0 El estados Automatas: q0 q1 q2 q3 El estado final: q3 El automata es: AFD)
[Info] [11-11-21 00:12:28 ]:Transiciones del Automata( Estado base: q0 Simbolo: a Estado final: q1 Automata: AFD )
[Info] [11-11-21 00:12:35 ]:Transiciones del Automata( Estado base: q2 Simbolo: b Estado final: q1 Automata: AFD )
[Info] [11-11-21 00:12:40 ]:Transiciones del Automata( Estado base: q1 Simbolo: c Estado final: q3 Automata: AFD )
[Info] [11-11-21 00:20:11 ]:Datos del automata( El abecedario: a b c El estado Inicial: q0 El estados Automatas: q0 q1 q2 q3 El estado final: q3 El automata es: AFD)
[Info] [11-11-21 00:20:17 ]:Transiciones del Automata( Estado base: q0 Simbolo: a Estado final: q1 Automata: AFD )
[Info] [11-11-21 00:32:05 ]:Datos del automata( El abecedario: a b c El estado Inicial: q0 El estados Automatas: q0 q1 q2 q3 El estado final: q3 El automata es: AFD)
[Info] [11-11-21 00:32:11 ]:Transiciones del Automata( Estado base: q0 Simbolo: a Estado final: q1 Automata: AFD )
[Info] [11-11-21 00:36:26 ]:Datos del automata( El abecedario: a b c El estado Inicial: q0 El estados Automatas: q0 q1 q2 q3 El estado final: q3 El automata es: AFD)
[Info] [11-11-21 00:36:31 ]:Transiciones del Automata( Estado base: q0 Simbolo: a Estado final: q1 Automata: AFD )
[Info] [11-11-21 00:39:28 ]:Datos del automata( El abecedario: a b c El estado Inicial: q0 El estados Automatas: q0 q1 q2 q3 El estado final: q3 El automata es: AFD)
[Info] [11-11-21 00:39:33 ]:Transiciones del Automata( Estado base: q0 Simbolo: a Estado final: q1 Automata: AFD )
[Info] [11-11-21 14:36:20 ]:Datos del automata( El abecedario: a b c El estado Inicial: q0 El estados Automatas: q0 q1 q2 El estado final: q2 El automata es: AFD)
[Info] [11-11-21 14:36:28 ]:Transiciones del Automata( Estado base: q0 Simbolo: a Estado final: q1 Automata: AFD )
[Info] [11-11-21 14:36:35 ]:Transiciones del Automata( Estado base: q1 Simbolo: b Estado final: q2 Automata: AFD )
[Info] [11-11-21 14:41:55 ]:Datos del automata( El abecedario: a b c El estado Inicial: q0 El estados Automatas: q0 q1 q2 El estado final: q2 El automata es: AFD)
[Info] [11-11-21 14:41:57 ]:Transiciones del Automata( Estado base: q0 Simbolo: a Estado final: q1 Automata: AFD )
[Info] [11-11-21 14:42:03 ]:Transiciones del Automata( Estado base: q1 Simbolo: b Estado final: q2 Automata: AFD )
[Info] [12-11-21 15:57:40 ]:Datos del automata( El abecedario: a b c El estado Inicial: q0 El estados Automatas: q0 q1 q2 El estado final: q2 El automata es: AFD)
[Info] [12-11-21 15:57:45 ]:Transiciones del Automata( Estado base: q0 Simbolo: a Estado final: q1 Automata: AFD )
[Info] [12-11-21 15:57:51 ]:Transiciones del Automata( Estado base: q1 Simbolo: b Estado final: q2 Automata: AFD )
[Info] [12-11-21 16:13:24 ]:Datos del automata( El abecedario: a b c El estado Inicial: q0 El estados Automatas: q0 q1 q2 El estado final: q2 El automata es: AFD)
[Info] [12-11-21 16:13:30 ]:Transiciones del Automata( Estado base: q0 Simbolo: a Estado final: q1 Automata: AFD )
[Info] [12-11-21 16:13:36 ]:Transiciones del Automata( Estado base: q1 Simbolo: b Estado final: q2 Automata: AFD )
